0 silly argv { _: [ 'version' ],
0 silly argv   'conventional-commits': true,
0 silly argv   conventionalCommits: true,
0 silly argv   lernaVersion: '3.16.4',
0 silly argv   '$0':
0 silly argv    '..\\..\\..\\..\\AppData\\Roaming\\npm\\node_modules\\lerna\\cli.js' }
1 notice cli v3.16.4
2 verbose rootPath C:\Users\tuana\Documents\Projects\Monorepo\lernarepo
3 info versioning independent
4 silly isAnythingCommitted
5 verbose isAnythingCommitted 1
6 silly currentBranch
7 verbose currentBranch master
8 silly remoteBranchExists
9 silly isBehindUpstream
10 silly isBehindUpstream master is behind origin/master by 0 commit(s) and ahead by 1
11 silly hasTags
12 verbose hasTags true
13 silly git-describe.sync "input@0.1.0-1-g893db6d" => {"lastTagName":"input@0.1.0","lastVersion":"0.1.0","refCount":"1","sha":"893db6d","isDirty":false}
14 info Looking for changed packages since input@0.1.0
15 silly checking diff projects/button
16 silly no diff found in button
17 silly checking diff projects/input
18 silly found diff in projects/input/node_modules/button/CHANGELOG.md
18 silly found diff in projects/input/node_modules/button/README.md
18 silly found diff in projects/input/node_modules/button/karma.conf.js
18 silly found diff in projects/input/node_modules/button/ng-package.json
18 silly found diff in projects/input/node_modules/button/package.json
18 silly found diff in projects/input/node_modules/button/src/lib/button.component.spec.ts
18 silly found diff in projects/input/node_modules/button/src/lib/button.component.ts
18 silly found diff in projects/input/node_modules/button/src/lib/button.module.ts
18 silly found diff in projects/input/node_modules/button/src/lib/button.service.spec.ts
18 silly found diff in projects/input/node_modules/button/src/lib/button.service.ts
18 silly found diff in projects/input/node_modules/button/src/public-api.ts
18 silly found diff in projects/input/node_modules/button/src/test.ts
18 silly found diff in projects/input/node_modules/button/tsconfig.lib.json
18 silly found diff in projects/input/node_modules/button/tsconfig.lib.prod.json
18 silly found diff in projects/input/node_modules/button/tsconfig.spec.json
18 silly found diff in projects/input/node_modules/button/tslint.json
18 silly found diff in projects/input/package.json
19 verbose filtered diff [ 'projects/input/node_modules/button/CHANGELOG.md',
19 verbose filtered diff   'projects/input/node_modules/button/README.md',
19 verbose filtered diff   'projects/input/node_modules/button/karma.conf.js',
19 verbose filtered diff   'projects/input/node_modules/button/ng-package.json',
19 verbose filtered diff   'projects/input/node_modules/button/package.json',
19 verbose filtered diff   'projects/input/node_modules/button/src/lib/button.component.spec.ts',
19 verbose filtered diff   'projects/input/node_modules/button/src/lib/button.component.ts',
19 verbose filtered diff   'projects/input/node_modules/button/src/lib/button.module.ts',
19 verbose filtered diff   'projects/input/node_modules/button/src/lib/button.service.spec.ts',
19 verbose filtered diff   'projects/input/node_modules/button/src/lib/button.service.ts',
19 verbose filtered diff   'projects/input/node_modules/button/src/public-api.ts',
19 verbose filtered diff   'projects/input/node_modules/button/src/test.ts',
19 verbose filtered diff   'projects/input/node_modules/button/tsconfig.lib.json',
19 verbose filtered diff   'projects/input/node_modules/button/tsconfig.lib.prod.json',
19 verbose filtered diff   'projects/input/node_modules/button/tsconfig.spec.json',
19 verbose filtered diff   'projects/input/node_modules/button/tslint.json',
19 verbose filtered diff   'projects/input/package.json' ]
20 silly checking diff projects/stepper
21 silly no diff found in stepper
22 verbose updated input
23 verbose git-describe undefined => "input@0.1.0-1-g893db6d"
24 silly git-describe parsed => {"lastTagName":"input@0.1.0","lastVersion":"0.1.0","refCount":"1","sha":"893db6d","isDirty":false}
25 silly independent for input at C:\Users\tuana\Documents\Projects\Monorepo\lernarepo\projects\input
26 verbose getChangelogConfig using preset "conventional-changelog-angular"
27 silly npa Result {
27 silly npa   type: 'tag',
27 silly npa   registry: true,
27 silly npa   where: undefined,
27 silly npa   raw: 'conventional-changelog-angular',
27 silly npa   name: 'conventional-changelog-angular',
27 silly npa   escapedName: 'conventional-changelog-angular',
27 silly npa   scope: undefined,
27 silly npa   rawSpec: '',
27 silly npa   saveSpec: null,
27 silly npa   fetchSpec: 'latest',
27 silly npa   gitRange: undefined,
27 silly npa   gitCommittish: undefined,
27 silly npa   hosted: undefined }
28 verbose getChangelogConfig Attempting to resolve preset "conventional-changelog-angular"
29 info getChangelogConfig Successfully resolved preset "conventional-changelog-angular"
30 verbose independent increment 0.1.0 by patch
31 info execute Skipping releases
32 silly lifecycle No script for "preversion" in "lernarepo", continuing
33 silly lifecycle No script for "preversion" in "input", continuing
34 silly lifecycle No script for "version" in "input", continuing
35 silly independent for input at C:\Users\tuana\Documents\Projects\Monorepo\lernarepo\projects\input
36 silly independent writing new entry: "## [0.1.1](https://github.com/marcus4guyen/lernarepo/compare/input@0.1.0...input@0.1.1) (2019-09-04)\n\n**Note:** Version bump only for package input\n\n\n\n"
37 verbose independent wrote C:\Users\tuana\Documents\Projects\Monorepo\lernarepo\projects\input\CHANGELOG.md
38 silly lifecycle No script for "version" in "lernarepo", continuing
39 silly gitAdd [ 'C:\\Users\\tuana\\Documents\\Projects\\Monorepo\\lernarepo\\projects\\input\\package.json',
39 silly gitAdd   'C:\\Users\\tuana\\Documents\\Projects\\Monorepo\\lernarepo\\projects\\input\\CHANGELOG.md' ]
40 silly gitCommit chore(release): release
40 silly gitCommit
40 silly gitCommit  - input@0.1.1
41 verbose git [ 'commit',
41 verbose git   '-F',
41 verbose git   'C:\\Users\\tuana\\AppData\\Local\\Temp\\35366582-955c-4747-ade2-9a5e868d9e74\\lerna-commit.txt' ]
42 silly gitTag input@0.1.1
43 verbose git [ 'tag', 'input@0.1.1', '-m', 'input@0.1.1' ]
44 silly lifecycle No script for "postversion" in "input", continuing
45 silly lifecycle No script for "postversion" in "lernarepo", continuing
46 info git Pushing tags...
47 silly gitPush origin master
48 error Error: Command failed: git push --follow-tags --no-verify origin master
48 error fatal: HttpRequestException encountered.
48 error    An error occurred while sending the request.
48 error bash: /dev/tty: No such device or address
48 error error: failed to execute prompt script (exit code 1)
48 error fatal: could not read Username for 'https://github.com': No error
48 error
48 error     at makeError (C:\Users\tuana\Documents\Projects\Monorepo\lernarepo\node_modules\execa\index.js:174:9)
48 error     at Promise.all.then.arr (C:\Users\tuana\Documents\Projects\Monorepo\lernarepo\node_modules\execa\index.js:278:16)
